[     113ms] [INFO] %cDownload the React DevTools for a better development experience: https://react.dev/link/react-devtools font-weight:bold @ http://localhost:3000/_next/static/chunks/1yjj_next_dist_0b0-013._.js:2477
[     123ms] [LOG] [HMR] connected @ http://localhost:3000/_next/static/chunks/1yjj_next_dist_0b0-013._.js:2477
[   36682ms] [LOG] [Fast Refresh] rebuilding @ http://localhost:3000/_next/static/chunks/1yjj_next_dist_0b0-013._.js:2477
[   36714ms] [LOG] [Fast Refresh] done in 81ms @ http://localhost:3000/_next/static/chunks/1yjj_next_dist_0b0-013._.js:2477
[   46230ms] [LOG] [Fast Refresh] rebuilding @ http://localhost:3000/_next/static/chunks/1yjj_next_dist_0b0-013._.js:2477
[   46274ms] [LOG] [Fast Refresh] done in 109ms @ http://localhost:3000/_next/static/chunks/1yjj_next_dist_0b0-013._.js:2477
[   51932ms] [LOG] [Fast Refresh] rebuilding @ http://localhost:3000/_next/static/chunks/1yjj_next_dist_0b0-013._.js:2477
[   51968ms] [LOG] [Fast Refresh] done in 53ms @ http://localhost:3000/_next/static/chunks/1yjj_next_dist_0b0-013._.js:2477
[   56887ms] [LOG] [Fast Refresh] rebuilding @ http://localhost:3000/_next/static/chunks/1yjj_next_dist_0b0-013._.js:2477
[   56920ms] [LOG] [Fast Refresh] done in 41ms @ http://localhost:3000/_next/static/chunks/1yjj_next_dist_0b0-013._.js:2477
[   63330ms] [LOG] [Fast Refresh] rebuilding @ http://localhost:3000/_next/static/chunks/1yjj_next_dist_0b0-013._.js:2477
[   63365ms] [LOG] [Fast Refresh] done in 45ms @ http://localhost:3000/_next/static/chunks/1yjj_next_dist_0b0-013._.js:2477
[   69644ms] [LOG] [Fast Refresh] rebuilding @ http://localhost:3000/_next/static/chunks/1yjj_next_dist_0b0-013._.js:2477
[   69737ms] [LOG] [Fast Refresh] done in 38ms @ http://localhost:3000/_next/static/chunks/1yjj_next_dist_0b0-013._.js:2477
[   74535ms] [LOG] [Fast Refresh] rebuilding @ http://localhost:3000/_next/static/chunks/1yjj_next_dist_0b0-013._.js:2477
[   74564ms] [LOG] [Fast Refresh] done in 28ms @ http://localhost:3000/_next/static/chunks/1yjj_next_dist_0b0-013._.js:2477
[   80306ms] [LOG] [Fast Refresh] rebuilding @ http://localhost:3000/_next/static/chunks/1yjj_next_dist_0b0-013._.js:2477
[   80341ms] [LOG] [Fast Refresh] done in 43ms @ http://localhost:3000/_next/static/chunks/1yjj_next_dist_0b0-013._.js:2477
[   84901ms] [LOG] [Fast Refresh] rebuilding @ http://localhost:3000/_next/static/chunks/1yjj_next_dist_0b0-013._.js:2477
[   85016ms] [LOG] [Fast Refresh] done in 37ms @ http://localhost:3000/_next/static/chunks/1yjj_next_dist_0b0-013._.js:2477
[   90128ms] [LOG] [Fast Refresh] rebuilding @ http://localhost:3000/_next/static/chunks/1yjj_next_dist_0b0-013._.js:2477
[   90161ms] [LOG] [Fast Refresh] done in 38ms @ http://localhost:3000/_next/static/chunks/1yjj_next_dist_0b0-013._.js:2477
[  115280ms] [LOG] [Fast Refresh] rebuilding @ http://localhost:3000/_next/static/chunks/1yjj_next_dist_0b0-013._.js:2477
[  115310ms] [LOG] [Fast Refresh] done in 48ms @ http://localhost:3000/_next/static/chunks/1yjj_next_dist_0b0-013._.js:2477
[  119552ms] [LOG] [Fast Refresh] rebuilding @ http://localhost:3000/_next/static/chunks/1yjj_next_dist_0b0-013._.js:2477
[  119659ms] [LOG] [Fast Refresh] done in 39ms @ http://localhost:3000/_next/static/chunks/1yjj_next_dist_0b0-013._.js:2477
[  127470ms] [LOG] [Fast Refresh] rebuilding @ http://localhost:3000/_next/static/chunks/1yjj_next_dist_0b0-013._.js:2477
[  127504ms] [LOG] [Fast Refresh] done in 44ms @ http://localhost:3000/_next/static/chunks/1yjj_next_dist_0b0-013._.js:2477
[  140905ms] [LOG] [Fast Refresh] rebuilding @ http://localhost:3000/_next/static/chunks/1yjj_next_dist_0b0-013._.js:2477
[  140988ms] [LOG] [Fast Refresh] done in 30ms @ http://localhost:3000/_next/static/chunks/1yjj_next_dist_0b0-013._.js:2477
[  151311ms] [LOG] [Fast Refresh] rebuilding @ http://localhost:3000/_next/static/chunks/1yjj_next_dist_0b0-013._.js:2477
[  151425ms] [LOG] [Fast Refresh] done in 36ms @ http://localhost:3000/_next/static/chunks/1yjj_next_dist_0b0-013._.js:2477
[  160969ms] [LOG] [Fast Refresh] rebuilding @ http://localhost:3000/_next/static/chunks/1yjj_next_dist_0b0-013._.js:2477
[  161025ms] [LOG] [Fast Refresh] done in 98ms @ http://localhost:3000/_next/static/chunks/1yjj_next_dist_0b0-013._.js:2477
[  169346ms] [LOG] [Fast Refresh] rebuilding @ http://localhost:3000/_next/static/chunks/1yjj_next_dist_0b0-013._.js:2477
[  169412ms] [LOG] [Fast Refresh] done in 71ms @ http://localhost:3000/_next/static/chunks/1yjj_next_dist_0b0-013._.js:2477
[  180695ms] [LOG] [Fast Refresh] rebuilding @ http://localhost:3000/_next/static/chunks/1yjj_next_dist_0b0-013._.js:2477
[  180758ms] [LOG] [Fast Refresh] done in 31ms @ http://localhost:3000/_next/static/chunks/1yjj_next_dist_0b0-013._.js:2477
[  201889ms] [LOG] [Fast Refresh] rebuilding @ http://localhost:3000/_next/static/chunks/1yjj_next_dist_0b0-013._.js:2477
[  201922ms] [LOG] [Fast Refresh] done in 38ms @ http://localhost:3000/_next/static/chunks/1yjj_next_dist_0b0-013._.js:2477
[  220387ms] [LOG] [Fast Refresh] rebuilding @ http://localhost:3000/_next/static/chunks/1yjj_next_dist_0b0-013._.js:2477
[  220417ms] [LOG] [Fast Refresh] done in 22ms @ http://localhost:3000/_next/static/chunks/1yjj_next_dist_0b0-013._.js:2477
[  254708ms] [LOG] [Fast Refresh] rebuilding @ http://localhost:3000/_next/static/chunks/1yjj_next_dist_0b0-013._.js:2477
[  254787ms] [LOG] [Fast Refresh] done in 50ms @ http://localhost:3000/_next/static/chunks/1yjj_next_dist_0b0-013._.js:2477
[  281547ms] [LOG] [Fast Refresh] rebuilding @ http://localhost:3000/_next/static/chunks/1yjj_next_dist_0b0-013._.js:2477
[  281602ms] [LOG] [Fast Refresh] done in 46ms @ http://localhost:3000/_next/static/chunks/1yjj_next_dist_0b0-013._.js:2477
[  288597ms] [LOG] [Fast Refresh] rebuilding @ http://localhost:3000/_next/static/chunks/1yjj_next_dist_0b0-013._.js:2477
[  288631ms] [LOG] [Fast Refresh] done in 39ms @ http://localhost:3000/_next/static/chunks/1yjj_next_dist_0b0-013._.js:2477
[  310336ms] [LOG] [Fast Refresh] rebuilding @ http://localhost:3000/_next/static/chunks/1yjj_next_dist_0b0-013._.js:2477
[  310397ms] [LOG] [Fast Refresh] done in 25ms @ http://localhost:3000/_next/static/chunks/1yjj_next_dist_0b0-013._.js:2477
[  331633ms] [LOG] [Fast Refresh] rebuilding @ http://localhost:3000/_next/static/chunks/1yjj_next_dist_0b0-013._.js:2477
[  331664ms] [LOG] [Fast Refresh] done in 24ms @ http://localhost:3000/_next/static/chunks/1yjj_next_dist_0b0-013._.js:2477
